MemoryGame/app/build/intermediates/manifest_merge_blame_file/release/manifest-merger-blame-release-report.txt
1<?xml version="1.0" encoding="utf-8"?>
2<manifest xmlns:android="http://schemas.android.com/apk/res/android"
3    package="com.example.myapplication"
4    android:versionCode="1"
5    android:versionName="1.0" >
6
7    <uses-sdk
8        android:minSdkVersion="29"
8-->src\main\AndroidManifest.xml
9        android:targetSdkVersion="29" />
9-->src\main\AndroidManifest.xml
10
11    <application
11-->src\main\AndroidManifest.xml:5:5-31:19
12        android:allowBackup="true"
12-->src\main\AndroidManifest.xml:6:9-35
13        android:appComponentFactory="androidx.core.app.CoreComponentFactory"
13-->[androidx.core:core:1.1.0] AndroidManifest.xml:24:18-86
14        android:extractNativeLibs="false"
15        android:icon="@mipmap/ic_launcher"
15-->src\main\AndroidManifest.xml:7:9-43
16        android:label="@string/app_name"
16-->src\main\AndroidManifest.xml:8:9-41
17        android:roundIcon="@mipmap/ic_launcher_round"
17-->src\main\AndroidManifest.xml:9:9-54
18        android:supportsRtl="true"
18-->src\main\AndroidManifest.xml:10:9-35
19        android:theme="@style/AppTheme" >
19-->src\main\AndroidManifest.xml:11:9-40
20        <activity android:name="com.android.MemoryGameActivities.MainActivity" >
20-->src\main\AndroidManifest.xml:14:9-19:20
20-->src\main\AndroidManifest.xml:14:19-79
21            <intent-filter>
21-->src\main\AndroidManifest.xml:15:13-18:25
22                <action android:name="android.intent.action.MAIN" />
22-->src\main\AndroidManifest.xml:16:13-65
22-->src\main\AndroidManifest.xml:16:21-62
23
24                <category android:name="android.intent.category.LAUNCHER" />
24-->src\main\AndroidManifest.xml:17:13-73
24-->src\main\AndroidManifest.xml:17:23-70
25            </intent-filter>
26        </activity>
27        <activity android:name="com.android.MemoryGameActivities.ModeSelection" />
27-->src\main\AndroidManifest.xml:20:9-83
27-->src\main\AndroidManifest.xml:20:19-80
28        <activity android:name="com.android.MemoryGameActivities.rulesPage" />
28-->src\main\AndroidManifest.xml:21:9-79
28-->src\main\AndroidManifest.xml:21:19-76
29        <activity android:name="com.android.MemoryGameActivities.SelectionScreen" />
29-->src\main\AndroidManifest.xml:22:9-85
29-->src\main\AndroidManifest.xml:22:19-82
30        <activity android:name="com.android.MemoryGameActivities.Highscores" />
30-->src\main\AndroidManifest.xml:23:9-80
30-->src\main\AndroidManifest.xml:23:19-77
31        <activity android:name="com.android.MemoryGameActivities.findPlayerActivity" />
31-->src\main\AndroidManifest.xml:24:9-88
31-->src\main\AndroidManifest.xml:24:19-85
32        <activity
32-->src\main\AndroidManifest.xml:25:9-27:52
33            android:name="com.android.MemoryGameActivities.BattleActivity"
33-->src\main\AndroidManifest.xml:26:13-75
34            android:screenOrientation="nosensor" />
34-->src\main\AndroidManifest.xml:27:13-49
35        <activity
35-->src\main\AndroidManifest.xml:28:9-30:52
36            android:name="com.android.MemoryGameActivities.NormalActivity"
36-->src\main\AndroidManifest.xml:29:13-75
37            android:screenOrientation="nosensor" />
37-->src\main\AndroidManifest.xml:30:13-49
38    </application>
39
40</manifest>